
> frontend@0.0.0 dev
> vite --host 127.0.0.1 --port 3000 --strictPort

[2m6:48:04 pm[22m [36m[1m[vite][22m[39m [90m[2m(client)[22m[39m Re-optimizing dependencies because lockfile has changed

  [32m[1mVITE[22m v7.3.1[39m  [2mready in [0m[1m2304[22m[2m[0m ms[22m

  [32m➜[39m  [1mLocal[22m:   [36mhttp://127.0.0.1:[1m3000[22m/[39m

> frontend@0.0.0 dev
> vite --host 0.0.0.0 --port 3000 --strictPort


  [32m[1mVITE[22m v7.3.1[39m  [2mready in [0m[1m1426[22m[2m[0m ms[22m

  [32m➜[39m  [1mLocal[22m:   [36mhttp://localhost:[1m3000[22m/[39m
  [32m➜[39m  [1mNetwork[22m: [36mhttp://192.168.19.98:[1m3000[22m/[39m
[2m[32m  ➜[39m[22m[2m  press [22m[1mh + enter[22m[2m to show help[22m
[2m6:59:28 pm[22m [36m[1m[vite][22m[39m [90m[2m(client)[22m[39m [32mhmr update [39m[2m/src/app/App.jsx, /src/index.css[22m
[2m6:59:37 pm[22m [36m[1m[vite][22m[39m [90m[2m(client)[22m[39m [32mhmr update [39m[2m/src/app/pages/ResumeBuildingPage.jsx, /src/index.css[22m
[2m6:59:41 pm[22m [36m[1m[vite][22m[39m [90m[2m(client)[22m[39m [32mhmr update [39m[2m/src/index.css[22m
[2m7:21:23 pm[22m [36m[1m[vite][22m[39m [90m[2m(client)[22m[39m [32mhmr update [39m[2m/src/app/pages/ResumeScorePage.jsx, /src/index.css[22m
[2m7:21:31 pm[22m [36m[1m[vite][22m[39m [90m[2m(client)[22m[39m [32mhmr update [39m[2m/src/app/pages/ResumeScorePage.jsx, /src/index.css[22m

> frontend@0.0.0 dev
> vite --host 127.0.0.1 --port 3000 --strictPort


  [32m[1mVITE[22m v7.3.1[39m  [2mready in [0m[1m1240[22m[2m[0m ms[22m

  [32m➜[39m  [1mLocal[22m:   [36mhttp://127.0.0.1:[1m3000[22m/[39m
[2m[32m  ➜[39m[22m[2m  press [22m[1mh + enter[22m[2m to show help[22m
